info it worked if it ends with ok
verbose cli [ 'node', '/usr/local/bin/npm', 'install', 'discount' ]
info using npm@1.1.0-alpha-6
info using node@v0.6.5
verbose config file /Users/donwb/.npmrc
verbose config file /usr/local/etc/npmrc
verbose config file /usr/local/lib/node_modules/npm/npmrc
verbose caching /Users/donwb/Desktop/dev/apply/package.json
verbose loadDefaults apply@0.0.1-4
verbose caching /Users/donwb/Desktop/dev/apply/node_modules/express/package.json
verbose loadDefaults express@2.5.8
verbose caching /Users/donwb/Desktop/dev/apply/node_modules/express-messages/package.json
verbose loadDefaults express-messages@0.0.2
verbose caching /Users/donwb/Desktop/dev/apply/node_modules/jsonify/package.json
verbose loadDefaults jsonify@0.0.0
verbose caching /Users/donwb/Desktop/dev/apply/node_modules/less/package.json
verbose loadDefaults less@1.2.2
verbose caching /Users/donwb/Desktop/dev/apply/node_modules/mongoose/package.json
verbose loadDefaults mongoose@2.5.7
verbose caching /Users/donwb/Desktop/dev/apply/node_modules/jade/package.json
verbose loadDefaults jade@0.20.1
verbose from cache /Users/donwb/Desktop/dev/apply/package.json
verbose into /Users/donwb/Desktop/dev/apply [ 'discount' ]
verbose cache add discount
verbose cache add [ 'discount', null ]
silly cache add: name, spec, args [ undefined, 'discount', [ 'discount', null ] ]
verbose parsed url { pathname: 'discount', path: 'discount', href: 'discount' }
info addNamed [ 'discount', '' ]
verbose addNamed [ null, '' ]
verbose GET discount
verbose raw, before any munging discount
verbose url resolving [ 'https://registry.npmjs.org/', './discount' ]
verbose url resolved https://registry.npmjs.org/discount
verbose etag "SJKMC2Q0BJM2XVOYLIRYOIN6"
silly get cb [ 304,
silly get cb   { server: 'CouchDB/1.1.0 (Erlang OTP/R14B04)',
silly get cb     etag: '"SJKMC2Q0BJM2XVOYLIRYOIN6"',
silly get cb     date: 'Tue, 21 Feb 2012 01:05:11 GMT',
silly get cb     'content-length': '0' } ]
verbose etag discount from cache
verbose GET discount/0.2.3
verbose raw, before any munging discount/0.2.3
verbose url resolving [ 'https://registry.npmjs.org/', './discount/0.2.3' ]
verbose url resolved https://registry.npmjs.org/discount/0.2.3
verbose etag "SJKMC2Q0BJM2XVOYLIRYOIN6"
silly get cb [ 304,
silly get cb   { server: 'CouchDB/1.1.0 (Erlang OTP/R14B04)',
silly get cb     etag: '"SJKMC2Q0BJM2XVOYLIRYOIN6"',
silly get cb     date: 'Tue, 21 Feb 2012 01:05:12 GMT',
silly get cb     'content-length': '0' } ]
verbose etag discount/0.2.3 from cache
verbose bin dist [ '0.6-ares1.7.5-DEV-evundefined-openssl0.9.8n-v83.6.6.11-darwin-x64-12.0.0',
verbose bin dist   { shasum: '2e71f240c6d53f6b6bf6c3867fda9b27c4cbc957',
verbose bin dist     tarball: 'http://registry.npmjs.org/discount/-/discount-0.2.3.tgz' } ]
verbose has wscript [ undefined,
verbose has wscript   { file: '/Users/donwb/.npm/discount/0.2.3/package/package.json',
verbose has wscript     contributors: false,
verbose has wscript     serverjs: false,
verbose has wscript     wscript: true } ]
WARN discount@0.2.3 package.json: bugs['web'] should probably be bugs['url']
verbose caching /Users/donwb/.npm/discount/0.2.3/package/package.json
verbose loadDefaults discount@0.2.3
silly resolved [ { name: 'discount',
silly resolved     description: 'C markdown implementation using discount',
silly resolved     tags: [ 'markdown', 'md', 'parser', 'native' ],
silly resolved     author: { name: 'TJ Holowaychuk', email: 'tj@vision-media.ca' },
silly resolved     version: '0.2.3',
silly resolved     lib: './build/Release',
silly resolved     main: './build/Release/markdown',
silly resolved     scripts: { preinstall: 'node-waf configure build' },
silly resolved     repository: 
silly resolved      { type: 'git',
silly resolved        url: 'git://github.com/visionmedia/node-discount.git' },
silly resolved     bugs: { url: 'http://github.com/visionmedia/node-discount/issues' },
silly resolved     _id: 'discount@0.2.3',
silly resolved     dependencies: {},
silly resolved     devDependencies: {},
silly resolved     engines: { node: '*' },
silly resolved     _engineSupported: true,
silly resolved     _npmVersion: '1.1.0-alpha-6',
silly resolved     _nodeVersion: 'v0.6.5',
silly resolved     _defaultsLoaded: true } ]
info into /Users/donwb/Desktop/dev/apply discount@0.2.3
info installOne discount@0.2.3
info unbuild /Users/donwb/Desktop/dev/apply/node_modules/discount
verbose from cache /Users/donwb/.npm/discount/0.2.3/package/package.json
verbose mkdir (expected) error ENOENT, no such file or directory '/Users/donwb/Desktop/dev/apply/node_modules/___discount.npm'
verbose mkdir done: /Users/donwb/Desktop/dev/apply/node_modules/___discount.npm 755
verbose unpack_ uid, gid [ undefined, undefined ]
verbose unpackTarget /Users/donwb/Desktop/dev/apply/node_modules/discount
silly gunzTarPerm modes [ '755', '644' ]
silly afterUntar undefined
silly asyncMap in gTP /Users/donwb/Desktop/dev/apply/node_modules/___discount.npm/package
silly asyncMap in gTP /Users/donwb/Desktop/dev/apply/node_modules/___discount.npm/package/.gitignore
silly asyncMap in gTP /Users/donwb/Desktop/dev/apply/node_modules/___discount.npm/package/.gitmodules
silly asyncMap in gTP /Users/donwb/Desktop/dev/apply/node_modules/___discount.npm/package/.npmignore
silly asyncMap in gTP /Users/donwb/Desktop/dev/apply/node_modules/___discount.npm/package/History.md
silly asyncMap in gTP /Users/donwb/Desktop/dev/apply/node_modules/___discount.npm/package/package.json
silly asyncMap in gTP /Users/donwb/Desktop/dev/apply/node_modules/___discount.npm/package/Readme.md
silly asyncMap in gTP /Users/donwb/Desktop/dev/apply/node_modules/___discount.npm/package/wscript
silly asyncMap in gTP /Users/donwb/Desktop/dev/apply/node_modules/___discount.npm/package/examples
silly asyncMap in gTP /Users/donwb/Desktop/dev/apply/node_modules/___discount.npm/package/examples/example.md
silly asyncMap in gTP /Users/donwb/Desktop/dev/apply/node_modules/___discount.npm/package/examples/flags.js
silly asyncMap in gTP /Users/donwb/Desktop/dev/apply/node_modules/___discount.npm/package/examples/run.js
silly asyncMap in gTP /Users/donwb/Desktop/dev/apply/node_modules/___discount.npm/package/src
silly asyncMap in gTP /Users/donwb/Desktop/dev/apply/node_modules/___discount.npm/package/src/markdown.cc
silly asyncMap in gTP /Users/donwb/Desktop/dev/apply/node_modules/___discount.npm/package/discount
silly asyncMap in gTP /Users/donwb/Desktop/dev/apply/node_modules/___discount.npm/package/discount/amalloc.c
silly asyncMap in gTP /Users/donwb/Desktop/dev/apply/node_modules/___discount.npm/package/discount/amalloc.h
silly asyncMap in gTP /Users/donwb/Desktop/dev/apply/node_modules/___discount.npm/package/discount/basename.c
silly asyncMap in gTP /Users/donwb/Desktop/dev/apply/node_modules/___discount.npm/package/discount/configure.inc
silly asyncMap in gTP /Users/donwb/Desktop/dev/apply/node_modules/___discount.npm/package/discount/configure.sh
silly asyncMap in gTP /Users/donwb/Desktop/dev/apply/node_modules/___discount.npm/package/discount/COPYRIGHT
silly asyncMap in gTP /Users/donwb/Desktop/dev/apply/node_modules/___discount.npm/package/discount/CREDITS
silly asyncMap in gTP /Users/donwb/Desktop/dev/apply/node_modules/___discount.npm/package/discount/Csio.c
silly asyncMap in gTP /Users/donwb/Desktop/dev/apply/node_modules/___discount.npm/package/discount/css.c
silly asyncMap in gTP /Users/donwb/Desktop/dev/apply/node_modules/___discount.npm/package/discount/cstring.h
silly asyncMap in gTP /Users/donwb/Desktop/dev/apply/node_modules/___discount.npm/package/discount/docheader.c
silly asyncMap in gTP /Users/donwb/Desktop/dev/apply/node_modules/___discount.npm/package/discount/dumptree.c
silly asyncMap in gTP /Users/donwb/Desktop/dev/apply/node_modules/___discount.npm/package/discount/emmatch.c
silly asyncMap in gTP /Users/donwb/Desktop/dev/apply/node_modules/___discount.npm/package/discount/flags.c
silly asyncMap in gTP /Users/donwb/Desktop/dev/apply/node_modules/___discount.npm/package/discount/generate.c
silly asyncMap in gTP /Users/donwb/Desktop/dev/apply/node_modules/___discount.npm/package/discount/html5.c
silly asyncMap in gTP /Users/donwb/Desktop/dev/apply/node_modules/___discount.npm/package/discount/INSTALL
silly asyncMap in gTP /Users/donwb/Desktop/dev/apply/node_modules/___discount.npm/package/discount/main.c
silly asyncMap in gTP /Users/donwb/Desktop/dev/apply/node_modules/___discount.npm/package/discount/Makefile.in
silly asyncMap in gTP /Users/donwb/Desktop/dev/apply/node_modules/___discount.npm/package/discount/makepage.1
silly asyncMap in gTP /Users/donwb/Desktop/dev/apply/node_modules/___discount.npm/package/discount/makepage.c
silly asyncMap in gTP /Users/donwb/Desktop/dev/apply/node_modules/___discount.npm/package/discount/markdown.1
silly asyncMap in gTP /Users/donwb/Desktop/dev/apply/node_modules/___discount.npm/package/discount/markdown.3
silly asyncMap in gTP /Users/donwb/Desktop/dev/apply/node_modules/___discount.npm/package/discount/markdown.7
silly asyncMap in gTP /Users/donwb/Desktop/dev/apply/node_modules/___discount.npm/package/discount/markdown.c
silly asyncMap in gTP /Users/donwb/Desktop/dev/apply/node_modules/___discount.npm/package/discount/markdown.h
silly asyncMap in gTP /Users/donwb/Desktop/dev/apply/node_modules/___discount.npm/package/discount/mkd-callbacks.3
silly asyncMap in gTP /Users/donwb/Desktop/dev/apply/node_modules/___discount.npm/package/discount/mkd-extensions.7
silly asyncMap in gTP /Users/donwb/Desktop/dev/apply/node_modules/___discount.npm/package/discount/mkd-functions.3
silly asyncMap in gTP /Users/donwb/Desktop/dev/apply/node_modules/___discount.npm/package/discount/mkd-line.3
silly asyncMap in gTP /Users/donwb/Desktop/dev/apply/node_modules/___discount.npm/package/discount/mkd2html.1
silly asyncMap in gTP /Users/donwb/Desktop/dev/apply/node_modules/___discount.npm/package/discount/mkd2html.c
silly asyncMap in gTP /Users/donwb/Desktop/dev/apply/node_modules/___discount.npm/package/discount/mkdio.c
silly asyncMap in gTP /Users/donwb/Desktop/dev/apply/node_modules/___discount.npm/package/discount/mkdio.h.in
silly asyncMap in gTP /Users/donwb/Desktop/dev/apply/node_modules/___discount.npm/package/discount/mktags.c
silly asyncMap in gTP /Users/donwb/Desktop/dev/apply/node_modules/___discount.npm/package/discount/pgm_options.c
silly asyncMap in gTP /Users/donwb/Desktop/dev/apply/node_modules/___discount.npm/package/discount/pgm_options.h
silly asyncMap in gTP /Users/donwb/Desktop/dev/apply/node_modules/___discount.npm/package/discount/README
silly asyncMap in gTP /Users/donwb/Desktop/dev/apply/node_modules/___discount.npm/package/discount/resource.c
silly asyncMap in gTP /Users/donwb/Desktop/dev/apply/node_modules/___discount.npm/package/discount/setup.c
silly asyncMap in gTP /Users/donwb/Desktop/dev/apply/node_modules/___discount.npm/package/discount/tags.c
silly asyncMap in gTP /Users/donwb/Desktop/dev/apply/node_modules/___discount.npm/package/discount/tags.h
silly asyncMap in gTP /Users/donwb/Desktop/dev/apply/node_modules/___discount.npm/package/discount/theme.1
silly asyncMap in gTP /Users/donwb/Desktop/dev/apply/node_modules/___discount.npm/package/discount/theme.c
silly asyncMap in gTP /Users/donwb/Desktop/dev/apply/node_modules/___discount.npm/package/discount/toc.c
silly asyncMap in gTP /Users/donwb/Desktop/dev/apply/node_modules/___discount.npm/package/discount/VERSION
silly asyncMap in gTP /Users/donwb/Desktop/dev/apply/node_modules/___discount.npm/package/discount/version.c.in
silly asyncMap in gTP /Users/donwb/Desktop/dev/apply/node_modules/___discount.npm/package/discount/xml.c
silly asyncMap in gTP /Users/donwb/Desktop/dev/apply/node_modules/___discount.npm/package/discount/xmlpage.c
silly asyncMap in gTP /Users/donwb/Desktop/dev/apply/node_modules/___discount.npm/package/discount/Plan9
silly asyncMap in gTP /Users/donwb/Desktop/dev/apply/node_modules/___discount.npm/package/discount/Plan9/markdown.1
silly asyncMap in gTP /Users/donwb/Desktop/dev/apply/node_modules/___discount.npm/package/discount/Plan9/markdown.2
silly asyncMap in gTP /Users/donwb/Desktop/dev/apply/node_modules/___discount.npm/package/discount/Plan9/markdown.6
silly asyncMap in gTP /Users/donwb/Desktop/dev/apply/node_modules/___discount.npm/package/discount/Plan9/mkfile
silly asyncMap in gTP /Users/donwb/Desktop/dev/apply/node_modules/___discount.npm/package/discount/Plan9/README
silly asyncMap in gTP /Users/donwb/Desktop/dev/apply/node_modules/___discount.npm/package/discount/tests
silly asyncMap in gTP /Users/donwb/Desktop/dev/apply/node_modules/___discount.npm/package/discount/tests/autolink.t
silly asyncMap in gTP /Users/donwb/Desktop/dev/apply/node_modules/___discount.npm/package/discount/tests/automatic.t
silly asyncMap in gTP /Users/donwb/Desktop/dev/apply/node_modules/___discount.npm/package/discount/tests/backslash.t
silly asyncMap in gTP /Users/donwb/Desktop/dev/apply/node_modules/___discount.npm/package/discount/tests/callbacks.t
silly asyncMap in gTP /Users/donwb/Desktop/dev/apply/node_modules/___discount.npm/package/discount/tests/chrome.text
silly asyncMap in gTP /Users/donwb/Desktop/dev/apply/node_modules/___discount.npm/package/discount/tests/code.t
silly asyncMap in gTP /Users/donwb/Desktop/dev/apply/node_modules/___discount.npm/package/discount/tests/compat.t
silly asyncMap in gTP /Users/donwb/Desktop/dev/apply/node_modules/___discount.npm/package/discount/tests/crash.t
silly asyncMap in gTP /Users/donwb/Desktop/dev/apply/node_modules/___discount.npm/package/discount/tests/div.t
silly asyncMap in gTP /Users/donwb/Desktop/dev/apply/node_modules/___discount.npm/package/discount/tests/dl.t
silly asyncMap in gTP /Users/donwb/Desktop/dev/apply/node_modules/___discount.npm/package/discount/tests/embedlinks.text
silly asyncMap in gTP /Users/donwb/Desktop/dev/apply/node_modules/___discount.npm/package/discount/tests/emphasis.t
silly asyncMap in gTP /Users/donwb/Desktop/dev/apply/node_modules/___discount.npm/package/discount/tests/extrafootnotes.t
silly asyncMap in gTP /Users/donwb/Desktop/dev/apply/node_modules/___discount.npm/package/discount/tests/flow.t
silly asyncMap in gTP /Users/donwb/Desktop/dev/apply/node_modules/___discount.npm/package/discount/tests/footnotes.t
silly asyncMap in gTP /Users/donwb/Desktop/dev/apply/node_modules/___discount.npm/package/discount/tests/functions.sh
silly asyncMap in gTP /Users/donwb/Desktop/dev/apply/node_modules/___discount.npm/package/discount/tests/header.t
silly asyncMap in gTP /Users/donwb/Desktop/dev/apply/node_modules/___discount.npm/package/discount/tests/html.t
silly asyncMap in gTP /Users/donwb/Desktop/dev/apply/node_modules/___discount.npm/package/discount/tests/html5.t
silly asyncMap in gTP /Users/donwb/Desktop/dev/apply/node_modules/___discount.npm/package/discount/tests/links.text
silly asyncMap in gTP /Users/donwb/Desktop/dev/apply/node_modules/___discount.npm/package/discount/tests/linkylinky.t
silly asyncMap in gTP /Users/donwb/Desktop/dev/apply/node_modules/___discount.npm/package/discount/tests/linkypix.t
silly asyncMap in gTP /Users/donwb/Desktop/dev/apply/node_modules/___discount.npm/package/discount/tests/list.t
silly asyncMap in gTP /Users/donwb/Desktop/dev/apply/node_modules/___discount.npm/package/discount/tests/list3deep.t
silly asyncMap in gTP /Users/donwb/Desktop/dev/apply/node_modules/___discount.npm/package/discount/tests/misc.t
silly asyncMap in gTP /Users/donwb/Desktop/dev/apply/node_modules/___discount.npm/package/discount/tests/pandoc.t
silly asyncMap in gTP /Users/donwb/Desktop/dev/apply/node_modules/___discount.npm/package/discount/tests/para.t
silly asyncMap in gTP /Users/donwb/Desktop/dev/apply/node_modules/___discount.npm/package/discount/tests/paranoia.t
silly asyncMap in gTP /Users/donwb/Desktop/dev/apply/node_modules/___discount.npm/package/discount/tests/peculiarities.t
silly asyncMap in gTP /Users/donwb/Desktop/dev/apply/node_modules/___discount.npm/package/discount/tests/pseudo.t
silly asyncMap in gTP /Users/donwb/Desktop/dev/apply/node_modules/___discount.npm/package/discount/tests/reddit.t
silly asyncMap in gTP /Users/donwb/Desktop/dev/apply/node_modules/___discount.npm/package/discount/tests/reparse.t
silly asyncMap in gTP /Users/donwb/Desktop/dev/apply/node_modules/___discount.npm/package/discount/tests/schiraldi.t
silly asyncMap in gTP /Users/donwb/Desktop/dev/apply/node_modules/___discount.npm/package/discount/tests/smarty.t
silly asyncMap in gTP /Users/donwb/Desktop/dev/apply/node_modules/___discount.npm/package/discount/tests/snakepit.t
silly asyncMap in gTP /Users/donwb/Desktop/dev/apply/node_modules/___discount.npm/package/discount/tests/strikethrough.t
silly asyncMap in gTP /Users/donwb/Desktop/dev/apply/node_modules/___discount.npm/package/discount/tests/style.t
silly asyncMap in gTP /Users/donwb/Desktop/dev/apply/node_modules/___discount.npm/package/discount/tests/superscript.t
silly asyncMap in gTP /Users/donwb/Desktop/dev/apply/node_modules/___discount.npm/package/discount/tests/syntax.text
silly asyncMap in gTP /Users/donwb/Desktop/dev/apply/node_modules/___discount.npm/package/discount/tests/tables.t
silly asyncMap in gTP /Users/donwb/Desktop/dev/apply/node_modules/___discount.npm/package/discount/tests/tabstop.t
silly asyncMap in gTP /Users/donwb/Desktop/dev/apply/node_modules/___discount.npm/package/discount/tests/toc.t
silly asyncMap in gTP /Users/donwb/Desktop/dev/apply/node_modules/___discount.npm/package/discount/tests/xml.t
silly asyncMap in gTP /Users/donwb/Desktop/dev/apply/node_modules/___discount.npm/package/discount/tools
silly asyncMap in gTP /Users/donwb/Desktop/dev/apply/node_modules/___discount.npm/package/discount/tools/checkbits.sh
silly asyncMap in gTP /Users/donwb/Desktop/dev/apply/node_modules/___discount.npm/package/discount/tools/cols.c
silly asyncMap in gTP /Users/donwb/Desktop/dev/apply/node_modules/___discount.npm/package/discount/tools/echo.c
verbose gunzed /Users/donwb/Desktop/dev/apply/node_modules/___discount.npm/package
verbose rm'ed /Users/donwb/Desktop/dev/apply/node_modules/discount
verbose renamed [ '/Users/donwb/Desktop/dev/apply/node_modules/___discount.npm/package',
verbose renamed   '/Users/donwb/Desktop/dev/apply/node_modules/discount' ]
verbose has wscript [ undefined,
verbose has wscript   { file: '/Users/donwb/Desktop/dev/apply/node_modules/discount/package.json',
verbose has wscript     contributors: false,
verbose has wscript     serverjs: false,
verbose has wscript     wscript: true } ]
verbose caching /Users/donwb/Desktop/dev/apply/node_modules/discount/package.json
verbose loadDefaults discount@0.2.3
info preinstall discount@0.2.3
verbose unsafe-perm in lifecycle true
silly exec sh "-c" "node-waf configure build"
silly spawning [ 'sh',
silly spawning   [ '-c', 'node-waf configure build' ],
silly spawning   '/Users/donwb/Desktop/dev/apply/node_modules/discount' ]
info discount@0.2.3 Failed to exec preinstall script
ERR! error installing discount@0.2.3 Error: discount@0.2.3 preinstall: `node-waf configure build`
ERR! error installing discount@0.2.3 `sh "-c" "node-waf configure build"` failed with 1
ERR! error installing discount@0.2.3     at ChildProcess.<anonymous> (/usr/local/lib/node_modules/npm/lib/utils/exec.js:49:20)
ERR! error installing discount@0.2.3     at ChildProcess.emit (events.js:70:17)
ERR! error installing discount@0.2.3     at maybeExit (child_process.js:359:16)
ERR! error installing discount@0.2.3     at Process.onexit (child_process.js:395:5)
info unbuild /Users/donwb/Desktop/dev/apply/node_modules/discount
verbose from cache /Users/donwb/Desktop/dev/apply/node_modules/discount/package.json
info preuninstall discount@0.2.3
info uninstall discount@0.2.3
verbose unbuild discount@0.2.3 [ true,
verbose unbuild discount@0.2.3   '/Users/donwb/Desktop/dev/apply/node_modules',
verbose unbuild discount@0.2.3   '/Users/donwb/Desktop/dev/apply/node_modules' ]
info postuninstall discount@0.2.3
verbose installOne cb discount@0.2.3
ERR! discount@0.2.3 preinstall: `node-waf configure build`
ERR! `sh "-c" "node-waf configure build"` failed with 1
ERR! 
ERR! Failed at the discount@0.2.3 preinstall script.
ERR! This is most likely a problem with the discount package,
ERR! not with npm itself.
ERR! Tell the author that this fails on your system:
ERR!     node-waf configure build
ERR! You can get their info via:
ERR!     npm owner ls discount
ERR! There is likely additional logging output above.
ERR! 
ERR! System Darwin 12.0.0
ERR! command "node" "/usr/local/bin/npm" "install" "discount"
ERR! cwd /Users/donwb/Desktop/dev/apply
ERR! node -v v0.6.5
ERR! npm -v 1.1.0-alpha-6
ERR! code ELIFECYCLE
ERR! message discount@0.2.3 preinstall: `node-waf configure build`
ERR! message `sh "-c" "node-waf configure build"` failed with 1
verbose exit [ 1, true ]
